Arguments: 
  C:\Program Files\nodejs\node.exe C:\Program Files (x86)\Yarn\bin\yarn.js

PATH: 
  D:\Python27;C:\Windows\system32;C:\Windows;C:\Windows\System32\Wbem;C:\Windows\System32\WindowsPowerShell\v1.0\;c:\Users\lsl\AppData\Roaming\npm;C:\Program Files (x86)\Yarn\bin;C:\ProgramData\chocolatey\bin;C:\Program Files\nodejs\;C:\Program Files\Microsoft VS Code\bin;C:\Users\lsl\AppData\Local\Yarn\bin;C:\Users\lsl\AppData\Roaming\npm;C:\Users\lsl\AppData\Local\GitHubDesktop\bin

Yarn version: 
  1.3.2

Node version: 
  9.0.0

Platform: 
  win32 x64

npm manifest: 
  {
    "name": "flow-graph-designer",
    "version": "0.1.3",
    "description": "A eact component capable of flow graph designer.",
    "scripts": {
      "build:readme": "toctoc README.md -w",
      "build:lib": "rimraf lib && cross-env NODE_ENV=production babel -d lib/ src/",
      "build:dist": "rimraf dist && cross-env NODE_ENV=production webpack --config webpack.config.dist.js --optimize-minimize",
      "build:playground": "rimraf build && cross-env NODE_ENV=production webpack --config webpack.config.prod.js --optimize-minimize && cp playground/index.prod.html build/index.html",
      "cs-check": "prettier -l $npm_package_prettierOptions '{playground,src,test}/**/*.js'",
      "cs-format": "prettier --jsx-bracket-same-line --trailing-comma es5 --use-tabs false --semi --tab-width 2 '{playground,src,test}/**/*.js' --write",
      "dist": "npm run build:lib && npm run build:dist",
      "lint": "eslint src test playground",
      "precommit": "lint-staged",
      "publish-to-gh-pages": "npm run build:playground && gh-pages --dist build/",
      "publish-to-npm": "npm run build:readme && npm run dist && npm publish",
      "preversion": "npm run build:playground && npm run dist && npm run build:readme && npm run cs-check && npm run lint",
      "start": "node devServer.js",
      "tdd": "cross-env NODE_ENV=test mocha --compilers js:babel-register --watch --require ./test/setup-jsdom.js test/**/*_test.js",
      "test": "cross-env NODE_ENV=test mocha --compilers js:babel-register --require ./test/setup-jsdom.js test/**/*_test.js"
    },
    "prettierOptions": "--jsx-bracket-same-line --trailing-comma es5 --semi --tab-width 2",
    "lint-staged": {
      "{playground,src,test}/**/*.js": [
        "npm run lint",
        "npm run cs-format",
        "git add"
      ]
    },
    "main": "lib/index.js",
    "files": [
      "dist",
      "lib"
    ],
    "engineStrict": false,
    "engines": {
      "npm": "^2.14.7",
      "node": ">=6"
    },
    "peerDependencies": {
      "react": ">=15"
    },
    "dependencies": {
      "prop-types": "^15.5.8",
    },
    "devDependencies": {
      "atob": "^2.0.3",
      "babel-cli": "^6.18.0",
      "babel-core": "^6.18.2",
      "babel-eslint": "^7.2.3",
      "babel-loader": "^6.2.7",
      "babel-plugin-react-transform": "^2.0.2",
      "babel-plugin-transform-class-properties": "^6.18.0",
      "babel-plugin-transform-object-rest-spread": "^6.16.0",
      "babel-preset-es2015": "^6.18.0",
      "babel-preset-react": "^6.16.0",
      "babel-register": "^6.18.0",
      "chai": "^3.3.0",
      "codemirror": "^5.30.0",
      "cross-env": "^2.0.1",
      "css-loader": "^0.23.1",
      "eslint": "^4.9.0",
      "eslint-config-react-app": "^2.0.1",
      "eslint-plugin-flowtype": "^2.39.1",
      "eslint-plugin-import": "^2.7.0",
      "eslint-plugin-jsx-a11y": "^5.1.1",
      "eslint-plugin-react": "^7.4.0",
      "estraverse": "^4.2.0",
      "estraverse-fb": "^1.3.1",
      "express": "^4.14.0",
      "extract-text-webpack-plugin": "^1.0.1",
      "gh-pages": "^0.11.0",
      "html": "0.0.10",
      "husky": "^0.13.2",
      "jsdom": "^8.3.0",
      "json-loader": "^0.5.7",
      "lint-staged": "^3.3.1",
      "mocha": "^2.5.3",
      "prettier": "^1.12.0",
      "react": "^15.5.0",
      "react-addons-test-utils": "^15.3.2",
      "react-codemirror2": "^4.1.0",
      "react-dom": "^15.3.2",
      "react-transform-catch-errors": "^1.0.0",
      "react-transform-hmr": "^1.0.1",
      "redbox-react": "^1.3.3",
      "rimraf": "^2.5.4",
      "sinon": "^1.17.6",
      "style-loader": "^0.13.1",
      "toctoc": "^0.2.3",
      "webpack": "^1.13.3",
      "webpack-dev-middleware": "^1.8.4",
      "webpack-hot-middleware": "^2.13.2"
    },
    "directories": {
      "test": "test"
    },
    "repository": {
      "type": "git",
      "url": "git+https://github.com/mozilla-services/react-jsonschema-form.git"
    },
    "author": "Nicolas Perriault <nperriault@mozilla.com>",
    "keywords": [
      "react",
      "flow graph",
      "designer"
    ],
    "license": "AGPL-3.0",
    "homepage": "https://github.com/censoft-corp/flow-graph-designer#readme"
  }

yarn manifest: 
  No manifest

Lockfile: 
  No lockfile

Trace: 
  SyntaxError: D:\github\flow-graph-designer\package.json: Unexpected token } in JSON at position 1999
      at JSON.parse (<anonymous>)
      at C:\Program Files (x86)\Yarn\lib\cli.js:770:59
      at Generator.next (<anonymous>)
      at step (C:\Program Files (x86)\Yarn\lib\cli.js:92:30)
      at C:\Program Files (x86)\Yarn\lib\cli.js:103:13
      at <anonymous>
